<?xml version="1.0" encoding="UTF-8"?>
<testng-results ignored="0" total="1" passed="1" failed="0" skipped="0">
  <reporter-output>
  </reporter-output>
  <suite started-at="2024-05-06T22:06:04 IST" name="Suite" finished-at="2024-05-06T22:06:17 IST" duration-ms="13872">
    <groups>
    </groups>
    <test started-at="2024-05-06T22:06:04 IST" name="ChromeTest" finished-at="2024-05-06T22:06:17 IST" duration-ms="13872">
      <class name="com.automationbatch1.testcases.LoginTest">
        <test-method is-config="true" signature="setup(java.lang.String)[pri:0, instance:com.automationbatch1.testcases.LoginTest@223191a6]" started-at="2024-05-06T22:06:04 IST" name="setup" finished-at="2024-05-06T22:06:08 IST" duration-ms="4366" status="PASS">
          <params>
            <param index="0">
              <value>
                <![CDATA[chrome]]>
              </value>
            </param>
          </params>
          <reporter-output>
          </reporter-output>
        </test-method> <!-- setup -->
        <test-method signature="testLogin(java.lang.String,java.lang.String)[pri:0, instance:com.automationbatch1.testcases.LoginTest@223191a6]" started-at="2024-05-06T22:06:09 IST" name="testLogin" data-provider="login_Data" finished-at="2024-05-06T22:06:14 IST" duration-ms="4794" status="PASS">
          <params>
            <param index="0">
              <value>
                <![CDATA[rahulshettyacademy]]>
              </value>
            </param>
            <param index="1">
              <value>
                <![CDATA[learning]]>
              </value>
            </param>
          </params>
          <reporter-output>
          </reporter-output>
        </test-method> <!-- testLogin -->
        <test-method is-config="true" signature="tearDown()[pri:0, instance:com.automationbatch1.testcases.LoginTest@223191a6]" started-at="2024-05-06T22:06:14 IST" name="tearDown" finished-at="2024-05-06T22:06:17 IST" duration-ms="3847" status="PASS">
          <reporter-output>
          </reporter-output>
        </test-method> <!-- tearDown -->
      </class> <!-- com.automationbatch1.testcases.LoginTest -->
    </test> <!-- ChromeTest -->
  </suite> <!-- Suite -->
</testng-results>
